<?xml version="1.0" encoding="UTF-8"?>
<testng-results ignored="0" total="1" passed="1" failed="0" skipped="0">
  <reporter-output>
  </reporter-output>
  <suite started-at="2024-01-24T12:11:40 IST" name="Default suite" finished-at="2024-01-24T12:11:57 IST" duration-ms="16954">
    <groups>
    </groups>
    <test started-at="2024-01-24T12:11:40 IST" name="Default test" finished-at="2024-01-24T12:11:57 IST" duration-ms="16954">
      <class name="com.e_commerce.ui.test.ProductOrderEndToEndTest">
        <test-method signature="orderProduct()[pri:0, instance:com.e_commerce.ui.test.ProductOrderEndToEndTest@46dffdc3]" started-at="2024-01-24T12:11:40 IST" name="orderProduct" description="Validate Item Order, end to end scenario" finished-at="2024-01-24T12:11:57 IST" duration-ms="16460" status="PASS">
          <reporter-output>
          </reporter-output>
        </test-method> <!-- orderProduct -->
      </class> <!-- com.e_commerce.ui.test.ProductOrderEndToEndTest -->
    </test> <!-- Default test -->
  </suite> <!-- Default suite -->
</testng-results>
